<?xml version="1.0" encoding="UTF-8"?>
<!-- Generated by org.testng.reporters.JUnitXMLReporter -->
<testsuite ignored="0" hostname="Sandhya-PC" failures="1" tests="2" name="Test" time="22.354" errors="0" timestamp="2025-06-17T13:37:30 CDT">
  <testcase classname="testCases.TC01_AccountRegistrationTest" name="verify_AccountRegistration" time="2.816"/>
  <testcase classname="testCases.TC02_LoginTest" name="verify_Login" time="11.536">
    <failure type="java.lang.AssertionError" message="expected [true] but found [false]">
      <![CDATA[java.lang.AssertionError: expected [true] but found [false]
at testCases.TC02_LoginTest.verify_Login(TC02_LoginTest.java:34)
at java.base/java.util.ArrayList.forEach(ArrayList.java:1596)
... Removed 29 stack frames]]>
    </failure>
  </testcase> <!-- verify_Login -->
</testsuite> <!-- Test -->
