<?xml version="1.0" encoding="UTF-8"?>
<!-- Generated by org.testng.reporters.JUnitXMLReporter -->
<testsuite ignored="0" hostname="Sandhya-PC" failures="0" tests="7" name="Test" time="60.732" errors="0" timestamp="2025-06-18T10:15:40 CDT">
  <testcase classname="testCases.TC03_LoginDDT$TC003_LoginDDT" name="verify_loginDDT" time="5.488"/>
  <testcase classname="testCases.TC03_LoginDDT$TC003_LoginDDT" name="verify_loginDDT" time="5.511"/>
  <testcase classname="testCases.TC03_LoginDDT$TC003_LoginDDT" name="verify_loginDDT" time="14.398"/>
  <testcase classname="testCases.TC03_LoginDDT$TC003_LoginDDT" name="verify_loginDDT" time="5.476"/>
  <testcase classname="testCases.TC03_LoginDDT$TC003_LoginDDT" name="verify_loginDDT" time="13.813"/>
  <testcase classname="testCases.TC03_LoginDDT$TC003_LoginDDT" name="verify_loginDDT" time="5.864"/>
  <testcase classname="testCases.TC03_LoginDDT$TC003_LoginDDT" name="verify_loginDDT" time="4.808"/>
</testsuite> <!-- Test -->
