<?xml version="1.0" encoding="UTF-8"?>
<testng-results ignored="0" total="7" passed="7" failed="0" skipped="0">
  <reporter-output>
  </reporter-output>
  <suite started-at="2025-06-18T10:14:38 CDT" name="masterSuite" finished-at="2025-06-18T10:15:38 CDT" duration-ms="60732">
    <groups>
      <group name="Datadriven">
        <method signature="TC03_LoginDDT$TC003_LoginDDT.verify_loginDDT(java.lang.String,java.lang.String,java.lang.String)[pri:0, instance:testCases.TC03_LoginDDT$TC003_LoginDDT@59f63e24]" name="verify_loginDDT" class="testCases.TC03_LoginDDT$TC003_LoginDDT"/>
      </group> <!-- Datadriven -->
    </groups>
    <test started-at="2025-06-18T10:14:38 CDT" name="Test" finished-at="2025-06-18T10:15:38 CDT" duration-ms="60732">
      <class name="testCases.TC03_LoginDDT$TC003_LoginDDT">
        <test-method is-config="true" signature="setUp(java.lang.String,java.lang.String)[pri:0, instance:testCases.TC03_LoginDDT$TC003_LoginDDT@59f63e24]" started-at="2025-06-18T10:14:38 CDT" name="setUp" finished-at="2025-06-18T10:14:42 CDT" duration-ms="3808" status="PASS">
          <params>
            <param index="0">
              <value>
                <![CDATA[Windows]]>
              </value>
            </param>
            <param index="1">
              <value>
                <![CDATA[chrome]]>
              </value>
            </param>
          </params>
          <reporter-output>
          </reporter-output>
        </test-method> <!-- setUp -->
        <test-method signature="verify_loginDDT(java.lang.String,java.lang.String,java.lang.String)[pri:0, instance:testCases.TC03_LoginDDT$TC003_LoginDDT@59f63e24]" started-at="2025-06-18T10:14:43 CDT" name="verify_loginDDT" data-provider="LoginData" finished-at="2025-06-18T10:14:48 CDT" duration-ms="5488" status="PASS">
          <params>
            <param index="0">
              <value>
                <![CDATA[lakshmi@yahoo.com]]>
              </value>
            </param>
            <param index="1">
              <value>
                <![CDATA[Laxmi]]>
              </value>
            </param>
            <param index="2">
              <value>
                <![CDATA[Valid]]>
              </value>
            </param>
          </params>
          <reporter-output>
          </reporter-output>
        </test-method> <!-- verify_loginDDT -->
        <test-method signature="verify_loginDDT(java.lang.String,java.lang.String,java.lang.String)[pri:0, instance:testCases.TC03_LoginDDT$TC003_LoginDDT@59f63e24]" started-at="2025-06-18T10:14:48 CDT" name="verify_loginDDT" data-provider="LoginData" finished-at="2025-06-18T10:14:54 CDT" duration-ms="5511" status="PASS">
          <params>
            <param index="0">
              <value>
                <![CDATA[laksh@yahoo.com]]>
              </value>
            </param>
            <param index="1">
              <value>
                <![CDATA[Lakshmi]]>
              </value>
            </param>
            <param index="2">
              <value>
                <![CDATA[Valid]]>
              </value>
            </param>
          </params>
          <reporter-output>
          </reporter-output>
        </test-method> <!-- verify_loginDDT -->
        <test-method signature="verify_loginDDT(java.lang.String,java.lang.String,java.lang.String)[pri:0, instance:testCases.TC03_LoginDDT$TC003_LoginDDT@59f63e24]" started-at="2025-06-18T10:14:54 CDT" name="verify_loginDDT" data-provider="LoginData" finished-at="2025-06-18T10:15:08 CDT" duration-ms="14398" status="PASS">
          <params>
            <param index="0">
              <value>
                <![CDATA[laks@yahoo.com]]>
              </value>
            </param>
            <param index="1">
              <value>
                <![CDATA[xyz]]>
              </value>
            </param>
            <param index="2">
              <value>
                <![CDATA[Invalid]]>
              </value>
            </param>
          </params>
          <reporter-output>
          </reporter-output>
        </test-method> <!-- verify_loginDDT -->
        <test-method signature="verify_loginDDT(java.lang.String,java.lang.String,java.lang.String)[pri:0, instance:testCases.TC03_LoginDDT$TC003_LoginDDT@59f63e24]" started-at="2025-06-18T10:15:08 CDT" name="verify_loginDDT" data-provider="LoginData" finished-at="2025-06-18T10:15:14 CDT" duration-ms="5476" status="PASS">
          <params>
            <param index="0">
              <value>
                <![CDATA[abc123@gmail.com]]>
              </value>
            </param>
            <param index="1">
              <value>
                <![CDATA[test@123]]>
              </value>
            </param>
            <param index="2">
              <value>
                <![CDATA[Valid]]>
              </value>
            </param>
          </params>
          <reporter-output>
          </reporter-output>
        </test-method> <!-- verify_loginDDT -->
        <test-method signature="verify_loginDDT(java.lang.String,java.lang.String,java.lang.String)[pri:0, instance:testCases.TC03_LoginDDT$TC003_LoginDDT@59f63e24]" started-at="2025-06-18T10:15:14 CDT" name="verify_loginDDT" data-provider="LoginData" finished-at="2025-06-18T10:15:27 CDT" duration-ms="13813" status="PASS">
          <params>
            <param index="0">
              <value>
                <![CDATA[]]>
              </value>
            </param>
            <param index="1">
              <value>
                <![CDATA[test@123]]>
              </value>
            </param>
            <param index="2">
              <value>
                <![CDATA[Invalid]]>
              </value>
            </param>
          </params>
          <reporter-output>
          </reporter-output>
        </test-method> <!-- verify_loginDDT -->
        <test-method signature="verify_loginDDT(java.lang.String,java.lang.String,java.lang.String)[pri:0, instance:testCases.TC03_LoginDDT$TC003_LoginDDT@59f63e24]" started-at="2025-06-18T10:15:27 CDT" name="verify_loginDDT" data-provider="LoginData" finished-at="2025-06-18T10:15:33 CDT" duration-ms="5864" status="PASS">
          <params>
            <param index="0">
              <value>
                <![CDATA[abcsmith@gmail.com]]>
              </value>
            </param>
            <param index="1">
              <value>
                <![CDATA[cHIPPU2025@]]>
              </value>
            </param>
            <param index="2">
              <value>
                <![CDATA[Valid]]>
              </value>
            </param>
          </params>
          <reporter-output>
          </reporter-output>
        </test-method> <!-- verify_loginDDT -->
        <test-method signature="verify_loginDDT(java.lang.String,java.lang.String,java.lang.String)[pri:0, instance:testCases.TC03_LoginDDT$TC003_LoginDDT@59f63e24]" started-at="2025-06-18T10:15:33 CDT" name="verify_loginDDT" data-provider="LoginData" finished-at="2025-06-18T10:15:38 CDT" duration-ms="4808" status="PASS">
          <params>
            <param index="0">
              <value>
                <![CDATA[daisy123@abc.com]]>
              </value>
            </param>
            <param index="1">
              <value>
                <![CDATA[Daisy123]]>
              </value>
            </param>
            <param index="2">
              <value>
                <![CDATA[Valid]]>
              </value>
            </param>
          </params>
          <reporter-output>
          </reporter-output>
        </test-method> <!-- verify_loginDDT -->
        <test-method is-config="true" signature="tearDown()[pri:0, instance:testCases.TC03_LoginDDT$TC003_LoginDDT@59f63e24]" started-at="2025-06-18T10:15:38 CDT" name="tearDown" finished-at="2025-06-18T10:15:38 CDT" duration-ms="205" status="PASS">
          <reporter-output>
          </reporter-output>
        </test-method> <!-- tearDown -->
      </class> <!-- testCases.TC03_LoginDDT$TC003_LoginDDT -->
    </test> <!-- Test -->
  </suite> <!-- masterSuite -->
</testng-results>
