<?xml version="1.0" encoding="UTF-8"?>
<testng-results ignored="0" total="7" passed="7" failed="0" skipped="0">
  <reporter-output>
  </reporter-output>
  <suite started-at="2025-06-17T15:08:58 CDT" name="masterSuite" finished-at="2025-06-17T15:10:02 CDT" duration-ms="63410">
    <groups>
      <group name="Datadriven">
        <method signature="TC03_LoginDDT$TC003_LoginDDT.verify_loginDDT(java.lang.String,java.lang.String,java.lang.String)[pri:0, instance:testCases.TC03_LoginDDT$TC003_LoginDDT@7b5a12ae]" name="verify_loginDDT" class="testCases.TC03_LoginDDT$TC003_LoginDDT"/>
      </group> <!-- Datadriven -->
    </groups>
    <test started-at="2025-06-17T15:08:58 CDT" name="Test" finished-at="2025-06-17T15:10:02 CDT" duration-ms="63410">
      <class name="testCases.TC03_LoginDDT$TC003_LoginDDT">
        <test-method is-config="true" signature="setUp(java.lang.String,java.lang.String)[pri:0, instance:testCases.TC03_LoginDDT$TC003_LoginDDT@7b5a12ae]" started-at="2025-06-17T15:08:58 CDT" name="setUp" finished-at="2025-06-17T15:09:04 CDT" duration-ms="5262" status="PASS">
          <params>
            <param index="0">
              <value>
                <![CDATA[Windows]]>
              </value>
            </param>
            <param index="1">
              <value>
                <![CDATA[chrome]]>
              </value>
            </param>
          </params>
          <reporter-output>
          </reporter-output>
        </test-method> <!-- setUp -->
        <test-method signature="verify_loginDDT(java.lang.String,java.lang.String,java.lang.String)[pri:0, instance:testCases.TC03_LoginDDT$TC003_LoginDDT@7b5a12ae]" started-at="2025-06-17T15:09:05 CDT" name="verify_loginDDT" data-provider="LoginData" finished-at="2025-06-17T15:09:10 CDT" duration-ms="5697" status="PASS">
          <params>
            <param index="0">
              <value>
                <![CDATA[lakshmi@yahoo.com]]>
              </value>
            </param>
            <param index="1">
              <value>
                <![CDATA[Laxmi]]>
              </value>
            </param>
            <param index="2">
              <value>
                <![CDATA[Valid]]>
              </value>
            </param>
          </params>
          <reporter-output>
          </reporter-output>
        </test-method> <!-- verify_loginDDT -->
        <test-method signature="verify_loginDDT(java.lang.String,java.lang.String,java.lang.String)[pri:0, instance:testCases.TC03_LoginDDT$TC003_LoginDDT@7b5a12ae]" started-at="2025-06-17T15:09:10 CDT" name="verify_loginDDT" data-provider="LoginData" finished-at="2025-06-17T15:09:16 CDT" duration-ms="5641" status="PASS">
          <params>
            <param index="0">
              <value>
                <![CDATA[laksh@yahoo.com]]>
              </value>
            </param>
            <param index="1">
              <value>
                <![CDATA[Lakshmi]]>
              </value>
            </param>
            <param index="2">
              <value>
                <![CDATA[Valid]]>
              </value>
            </param>
          </params>
          <reporter-output>
          </reporter-output>
        </test-method> <!-- verify_loginDDT -->
        <test-method signature="verify_loginDDT(java.lang.String,java.lang.String,java.lang.String)[pri:0, instance:testCases.TC03_LoginDDT$TC003_LoginDDT@7b5a12ae]" started-at="2025-06-17T15:09:16 CDT" name="verify_loginDDT" data-provider="LoginData" finished-at="2025-06-17T15:09:31 CDT" duration-ms="14445" status="PASS">
          <params>
            <param index="0">
              <value>
                <![CDATA[laks@yahoo.com]]>
              </value>
            </param>
            <param index="1">
              <value>
                <![CDATA[xyz]]>
              </value>
            </param>
            <param index="2">
              <value>
                <![CDATA[Invalid]]>
              </value>
            </param>
          </params>
          <reporter-output>
          </reporter-output>
        </test-method> <!-- verify_loginDDT -->
        <test-method signature="verify_loginDDT(java.lang.String,java.lang.String,java.lang.String)[pri:0, instance:testCases.TC03_LoginDDT$TC003_LoginDDT@7b5a12ae]" started-at="2025-06-17T15:09:31 CDT" name="verify_loginDDT" data-provider="LoginData" finished-at="2025-06-17T15:09:36 CDT" duration-ms="5732" status="PASS">
          <params>
            <param index="0">
              <value>
                <![CDATA[abc123@gmail.com]]>
              </value>
            </param>
            <param index="1">
              <value>
                <![CDATA[test@123]]>
              </value>
            </param>
            <param index="2">
              <value>
                <![CDATA[Valid]]>
              </value>
            </param>
          </params>
          <reporter-output>
          </reporter-output>
        </test-method> <!-- verify_loginDDT -->
        <test-method signature="verify_loginDDT(java.lang.String,java.lang.String,java.lang.String)[pri:0, instance:testCases.TC03_LoginDDT$TC003_LoginDDT@7b5a12ae]" started-at="2025-06-17T15:09:36 CDT" name="verify_loginDDT" data-provider="LoginData" finished-at="2025-06-17T15:09:51 CDT" duration-ms="14462" status="PASS">
          <params>
            <param index="0">
              <value>
                <![CDATA[]]>
              </value>
            </param>
            <param index="1">
              <value>
                <![CDATA[test@123]]>
              </value>
            </param>
            <param index="2">
              <value>
                <![CDATA[Invalid]]>
              </value>
            </param>
          </params>
          <reporter-output>
          </reporter-output>
        </test-method> <!-- verify_loginDDT -->
        <test-method signature="verify_loginDDT(java.lang.String,java.lang.String,java.lang.String)[pri:0, instance:testCases.TC03_LoginDDT$TC003_LoginDDT@7b5a12ae]" started-at="2025-06-17T15:09:51 CDT" name="verify_loginDDT" data-provider="LoginData" finished-at="2025-06-17T15:09:57 CDT" duration-ms="5797" status="PASS">
          <params>
            <param index="0">
              <value>
                <![CDATA[abcsmith@gmail.com]]>
              </value>
            </param>
            <param index="1">
              <value>
                <![CDATA[cHIPPU2025@]]>
              </value>
            </param>
            <param index="2">
              <value>
                <![CDATA[Valid]]>
              </value>
            </param>
          </params>
          <reporter-output>
          </reporter-output>
        </test-method> <!-- verify_loginDDT -->
        <test-method signature="verify_loginDDT(java.lang.String,java.lang.String,java.lang.String)[pri:0, instance:testCases.TC03_LoginDDT$TC003_LoginDDT@7b5a12ae]" started-at="2025-06-17T15:09:57 CDT" name="verify_loginDDT" data-provider="LoginData" finished-at="2025-06-17T15:10:01 CDT" duration-ms="4823" status="PASS">
          <params>
            <param index="0">
              <value>
                <![CDATA[daisy123@abc.com]]>
              </value>
            </param>
            <param index="1">
              <value>
                <![CDATA[Daisy123]]>
              </value>
            </param>
            <param index="2">
              <value>
                <![CDATA[Valid]]>
              </value>
            </param>
          </params>
          <reporter-output>
          </reporter-output>
        </test-method> <!-- verify_loginDDT -->
        <test-method is-config="true" signature="tearDown()[pri:0, instance:testCases.TC03_LoginDDT$TC003_LoginDDT@7b5a12ae]" started-at="2025-06-17T15:10:01 CDT" name="tearDown" finished-at="2025-06-17T15:10:02 CDT" duration-ms="252" status="PASS">
          <reporter-output>
          </reporter-output>
        </test-method> <!-- tearDown -->
      </class> <!-- testCases.TC03_LoginDDT$TC003_LoginDDT -->
    </test> <!-- Test -->
  </suite> <!-- masterSuite -->
</testng-results>
