<?xml version="1.0" encoding="UTF-8"?>
<!-- Generated by org.testng.reporters.JUnitXMLReporter -->
<testsuite ignored="0" hostname="Sandhya-PC" failures="0" tests="7" name="Test" time="63.41" errors="0" timestamp="2025-06-17T15:10:03 CDT">
  <testcase classname="testCases.TC03_LoginDDT$TC003_LoginDDT" name="verify_loginDDT" time="5.697"/>
  <testcase classname="testCases.TC03_LoginDDT$TC003_LoginDDT" name="verify_loginDDT" time="5.641"/>
  <testcase classname="testCases.TC03_LoginDDT$TC003_LoginDDT" name="verify_loginDDT" time="14.445"/>
  <testcase classname="testCases.TC03_LoginDDT$TC003_LoginDDT" name="verify_loginDDT" time="5.732"/>
  <testcase classname="testCases.TC03_LoginDDT$TC003_LoginDDT" name="verify_loginDDT" time="14.462"/>
  <testcase classname="testCases.TC03_LoginDDT$TC003_LoginDDT" name="verify_loginDDT" time="5.797"/>
  <testcase classname="testCases.TC03_LoginDDT$TC003_LoginDDT" name="verify_loginDDT" time="4.823"/>
</testsuite> <!-- Test -->
